[2023-03-21T14:51:38.669] [INFO] info - GET, /api/userById?id=1
[2023-03-21T14:54:30.517] [INFO] info - GET, /api/userById?id=1
[2023-03-21T14:56:09.469] [INFO] info - GET, /api/userById?id=1
[2023-03-21T15:19:54.086] [INFO] info - GET, /api/userById?id=1
[2023-03-21T15:20:31.269] [INFO] info - GET, /api/userById?id=1
[2023-03-21T15:21:41.299] [INFO] info - GET, /api/userById?id=1
[2023-03-21T15:21:52.236] [INFO] info - GET, /api/userById?id=1
[2023-03-21T15:22:06.070] [INFO] info - GET, /api/userById?id=1
[2023-03-21T15:28:54.485] [INFO] info - GET, /api/userById2?id=1
[2023-03-21T15:32:01.253] [INFO] info - GET, /api/userById2?id=1
[2023-03-21T15:33:11.429] [INFO] info - GET, /api/userById?id=1
[2023-03-21T15:33:54.378] [INFO] info - GET, /api/userById?id=1
[2023-03-21T15:34:19.801] [INFO] info - GET, /api/userById?id=1
[2023-03-21T15:34:22.239] [INFO] info - GET, /api/userById2?id=1
[2023-03-21T15:34:51.597] [INFO] info - GET, /api/userById2?id=1
[2023-03-21T15:35:37.567] [INFO] info - GET, /api/userById2?id=1
[2023-03-21T15:35:43.238] [INFO] info - GET, /api/userById2?id=1
[2023-03-21T15:35:52.016] [INFO] info - GET, /api/userById2?id=1
[2023-03-21T15:35:53.809] [INFO] info - GET, /api/userById2?id=1
[2023-03-21T15:35:54.574] [INFO] info - GET, /api/userById2?id=1
[2023-03-21T15:36:06.671] [INFO] info - GET, /api/userById2?id=1
[2023-03-21T15:36:09.816] [INFO] info - GET, /api/userById2?id=1
[2023-03-21T15:36:31.342] [INFO] info - GET, /api/userById2?id=1
[2023-03-21T15:36:32.280] [INFO] info - GET, /api/userById2?id=1
[2023-03-21T15:37:03.565] [INFO] info - GET, /api/userById2?id=1
[2023-03-21T15:37:08.295] [INFO] info - GET, /api/userById?id=1
[2023-03-21T15:46:06.050] [INFO] info - GET, /api/userById?id=1
[2023-03-21T15:46:14.116] [INFO] info - GET, /api/userById
[2023-03-21T15:46:38.755] [INFO] info - GET, /api/userById
[2023-03-21T15:47:01.132] [INFO] info - GET, /api/userById
[2023-03-21T15:47:17.093] [INFO] info - GET, /api/userById
[2023-03-21T15:47:31.855] [INFO] info - GET, /api/userById
[2023-03-21T15:47:51.156] [INFO] info - GET, /api/userById?id=1
[2023-03-21T15:48:09.030] [INFO] info - GET, /api/userById?id=1
[2023-03-21T15:48:12.765] [INFO] info - GET, /api/userById
[2023-03-21T15:48:22.210] [INFO] info - GET, /api/userById
[2023-03-21T15:48:39.075] [INFO] info - GET, /api/userById
[2023-03-21T15:50:25.967] [INFO] info - GET, /api/userById
[2023-03-21T15:52:19.277] [INFO] info - GET, /api/userById?id=10
[2023-03-21T15:52:29.618] [INFO] info - GET, /api/userById
[2023-03-21T15:54:30.071] [INFO] info - GET, /api/userById
[2023-03-21T15:55:02.540] [INFO] info - GET, /api/userById
[2023-03-21T15:55:34.397] [INFO] info - GET, /api/userById
[2023-03-21T15:56:21.960] [INFO] info - GET, /api/userById
[2023-03-21T15:56:43.357] [INFO] info - GET, /api/userById
[2023-03-21T15:56:45.487] [INFO] info - GET, /api/userById
[2023-03-21T16:12:40.750] [INFO] info - GET, /api/userById
[2023-03-21T16:16:30.878] [INFO] info - GET, /api/userById
[2023-03-21T16:16:36.589] [INFO] info - GET, /api/userById?id=1000
[2023-03-21T16:16:40.891] [INFO] info - GET, /api/userById?id=1
[2023-03-21T16:26:26.319] [INFO] info - GET, /swagger-json
[2023-03-21T16:29:28.042] [INFO] info - GET, /api/userById?id=1
[2023-03-21T16:29:59.527] [INFO] info - GET, /api/userById?id=1
[2023-03-21T16:37:59.977] [INFO] info - GET, /api/userById?id=null
[2023-03-21T16:38:05.895] [INFO] info - GET, /api/userById
[2023-03-21T16:38:15.303] [INFO] info - GET, /api/userById
[2023-03-21T16:38:54.841] [INFO] info - GET, /api/userById
[2023-03-21T16:39:17.572] [INFO] info - GET, /api/userById
[2023-03-21T16:39:44.058] [INFO] info - GET, /api/userById
[2023-03-21T16:39:52.531] [INFO] info - GET, /api/userById
[2023-03-21T16:40:11.942] [INFO] info - GET, /api/userById
[2023-03-21T16:40:27.673] [INFO] info - GET, /api/userById
[2023-03-21T16:41:11.717] [INFO] info - GET, /api/userById
[2023-03-21T16:41:16.949] [INFO] info - GET, /swagger-html
[2023-03-21T16:41:17.166] [INFO] info - GET, /swagger-json
[2023-03-21T17:15:48.868] [INFO] info - GET, /api/login
[2023-03-21T17:15:57.729] [INFO] info - GET, /api/login
[2023-03-21T17:15:59.137] [INFO] info - GET, /api/login
[2023-03-21T17:16:30.949] [INFO] info - GET, /api/login
[2023-03-21T17:16:39.781] [INFO] info - GET, /api/login
[2023-03-21T17:16:55.463] [INFO] info - GET, /api/login
[2023-03-21T17:31:53.295] [INFO] info - GET, /api/login
[2023-03-21T17:31:58.983] [INFO] info - POST, /api/login
[2023-03-21T17:32:29.020] [INFO] info - GET, /swagger-html
[2023-03-21T17:32:29.187] [INFO] info - GET, /swagger-json
[2023-03-21T17:32:42.307] [INFO] info - POST, /api/login
[2023-03-21T17:33:01.720] [INFO] info - POST, /api/login
[2023-03-21T17:33:20.562] [INFO] info - POST, /api/login
[2023-03-21T17:33:31.260] [INFO] info - POST, /api/login
[2023-03-21T17:34:26.435] [INFO] info - POST, /api/login
[2023-03-21T17:34:35.801] [INFO] info - POST, /api/login
[2023-03-21T17:34:46.877] [INFO] info - POST, /api/login
[2023-03-21T17:35:21.363] [INFO] info - POST, /api/login
[2023-03-21T17:35:24.528] [INFO] info - POST, /api/login
[2023-03-21T17:35:41.936] [INFO] info - POST, /api/login
[2023-03-21T17:36:07.445] [INFO] info - POST, /api/login
[2023-03-21T17:36:38.525] [INFO] info - POST, /api/login
[2023-03-21T17:36:53.662] [INFO] info - POST, /api/login
[2023-03-21T17:38:59.223] [INFO] info - POST, /api/login
[2023-03-21T17:39:21.188] [INFO] info - POST, /api/login
[2023-03-21T17:52:38.593] [INFO] info - POST, /api/login
[2023-03-21T17:53:08.737] [INFO] info - POST, /api/login
[2023-03-21T17:53:36.991] [INFO] info - POST, /api/login
[2023-03-21T17:54:24.046] [INFO] info - POST, /api/login
[2023-03-21T18:23:25.634] [INFO] info - POST, /api/login
[2023-03-22T09:41:20.625] [INFO] info - GET, /swagger-json
[2023-03-22T09:41:34.550] [INFO] info - GET, /swagger-json
[2023-03-22T09:49:34.832] [INFO] info - POST, /api/login
[2023-03-22T09:49:55.720] [INFO] info - POST, /api/login
[2023-03-22T09:50:00.602] [INFO] info - POST, /api/user
[2023-03-22T09:50:08.577] [INFO] info - POST, /api/user
[2023-03-22T09:50:39.176] [INFO] info - GET, /api/user
[2023-03-22T10:44:00.355] [INFO] info - GET, /api/user
[2023-03-22T10:44:04.287] [INFO] info - GET, /api/user
[2023-03-22T10:44:07.825] [INFO] info - GET, /api/user
[2023-03-22T10:55:05.202] [INFO] info - GET, /api/user
[2023-03-22T10:55:08.610] [INFO] info - GET, /api/user
[2023-03-22T10:55:12.017] [INFO] info - GET, /api/user
[2023-03-22T10:55:13.740] [INFO] info - GET, /api/user
[2023-03-22T10:55:22.944] [INFO] info - GET, /api/login
[2023-03-22T10:55:45.158] [INFO] info - GET, /api/login
[2023-03-22T10:56:14.775] [INFO] info - GET, /api/login
[2023-03-22T10:56:35.297] [INFO] info - GET, /api/login
[2023-03-22T10:56:44.089] [INFO] info - GET, /api/login
[2023-03-22T10:56:48.793] [INFO] info - GET, /api/login
[2023-03-22T10:56:58.277] [INFO] info - GET, /api/login
[2023-03-22T10:57:02.425] [INFO] info - GET, /api/login
[2023-03-22T10:57:26.400] [INFO] info - GET, /api/login
[2023-03-22T10:57:56.697] [INFO] info - POST, /api/login
[2023-03-22T10:58:15.071] [INFO] info - GET, /api/user
[2023-03-22T11:18:55.914] [INFO] info - GET, /api/user
[2023-03-22T11:19:07.026] [INFO] info - GET, /api/user
[2023-03-22T11:19:26.143] [INFO] info - GET, /api/user
[2023-03-22T11:19:47.087] [INFO] info - GET, /api/user
[2023-03-22T11:20:24.031] [INFO] info - GET, /api/user
[2023-03-22T11:20:51.337] [INFO] info - GET, /api/user
[2023-03-22T11:21:12.249] [INFO] info - GET, /api/user
[2023-03-22T11:21:25.700] [INFO] info - GET, /api/user
[2023-03-22T11:21:38.503] [INFO] info - POST, /api/login
[2023-03-22T11:21:53.111] [INFO] info - GET, /api/user
[2023-03-22T11:22:42.432] [INFO] info - GET, /api/user
[2023-03-22T11:29:12.440] [INFO] info - GET, /api/user
[2023-03-22T11:29:56.782] [INFO] info - GET, /api/user
[2023-03-22T11:33:24.192] [INFO] info - GET, /api/user
[2023-03-22T11:40:26.074] [INFO] info - POST, /api/login
[2023-03-22T11:44:10.233] [INFO] info - POST, /api/login
[2023-03-22T13:52:36.382] [INFO] info - POST, /api/login
[2023-03-22T13:53:09.411] [INFO] info - POST, /api/login
[2023-03-22T13:54:51.569] [INFO] info - POST, /api/login
